tests/all/32_exe_hard
tests/all/64_bundle
tests/all/64_exe_easy
tests/all/64_exe_hard
tests/all/64_exe_medium
tests/all/64_lib_dynamic_hard
tests/all/64_lib_dynamic_medium
tests/all/MachO-OSX-ppc-and-i386-bash
tests/all/MachO-OSX-ppc-openssl-1.0.1h
tests/all/MachO-OSX-x64-ls
tests/all/MachO-OSX-x86-ls
tests/all/MachO-iOS-arm1176JZFS-bash
tests/all/MachO-iOS-armv7-armv7s-arm64-Helloworld
tests/all/MachO-iOS-armv7s-Helloworld
tests/all/PN548_API.dylib
tests/all/PN548_HAL_OSX.dylib
tests/all/PN548_OSX.dylib
tests/all/appsleepd
tests/all/audiodevice
tests/all/bash
tests/all/bash-ppc_7400
tests/all/cfprefsd
tests/all/count_32
tests/all/count_32.o
tests/all/count_64
tests/all/count_64.o
tests/all/distnoted
tests/all/fat_bad_string_index
tests/all/fat_hard
tests/all/fat_not_fail_except_one
tests/all/fat_one_arch_system
tests/all/ft_nm
tests/all/ft_nm32
tests/all/gcc-6-ppc_7400
tests/all/global
tests/all/hello_32
tests/all/hello_32.o
tests/all/hello_64
tests/all/hello_64.o
tests/all/hello_je_diff
tests/all/i386
tests/all/indirect_bad_string
tests/all/last_byte_nl
tests/all/launchctl-ppc_7400
tests/all/libAccountPolicyTranslation.dylib
tests/all/libFosl_dynamic.dylib
tests/all/lib_static.a
tests/all/libarchive.dylib
tests/all/libate.dylib
tests/all/libblas.dylib
tests/all/libc++.1.dylib
tests/all/libc++.dylib
tests/all/libcblas.dylib
tests/all/libclapack.dylib
tests/all/libcom_err.dylib
tests/all/libcompression.dylib
tests/all/libcoretls.dylib
tests/all/libdes425.dylib
tests/all/libdns_services.dylib
tests/all/libextension.dylib
tests/all/libf77lapack.dylib
tests/all/libform.5.4.dylib
tests/all/libform.dylib
tests/all/libft32.a
tests/all/libft_malloc_x86_64_Darwin.so
tests/all/libft_static.a
tests/all/libftprintf.a
tests/all/libftprintf32.a
tests/all/libgssapi_krb5.dylib
tests/all/libhunspell-1.2.dylib
tests/all/libicucore.dylib
tests/all/libinfo.dylib
tests/all/libk5crypto.dylib
tests/all/libkrb4.dylib
tests/all/libkrb5.dylib
tests/all/libkrb524.dylib
tests/all/libkrb5support.dylib
tests/all/liblapack.dylib
tests/all/libmalloc_test.a
tests/all/libmenu.dylib
tests/all/libmlx.a
tests/all/libmx.A.dylib
tests/all/libobjc.A.dylib
tests/all/libobjc.dylib
tests/all/libpmenergy.dylib
tests/all/libpmsample.dylib
tests/all/libsqlite3.0.dylib
tests/all/libsqlite3.dylib
tests/all/libstdc++.6.0.9.dylib
tests/all/libstdc++.6.dylib
tests/all/libstdc++.dylib
tests/all/libsystemstats.dylib
tests/all/libz.1.dylib
tests/all/libz.dylib
tests/all/ls-ppc_7400
tests/all/ls_data_overwritten
tests/all/main32
tests/all/mega_bad_string
tests/all/numbers_32
tests/all/numbers_32.o
tests/all/numbers_64
tests/all/numbers_64.o
tests/all/object_medium
tests/all/openssl-ppc_7400
tests/all/pboard
tests/all/python_returns
tests/all/salam_i_like_cum
tests/all/sqlite3
tests/all/ssh-keychain.dylib
tests/all/strtable_past_eof
tests/all/test_32
tests/all/test_32.o
tests/all/test_64
tests/all/test_64.o
tests/all/test_facile
tests/all/test_moins_facile
tests/all/uuidgen
tests/all/why_are_you_crashing
